[Sun 04/12/2026  9:00:01.98] Starting auto-post... 

🎨 Social Content Generator

Generating 1 wheel posts...

Fetching wheels from inventory...
(node:10544) Warning: SECURITY WARNING: The SSL modes 'prefer', 'require', and 'verify-ca' are treated as aliases for 'verify-full'.
In the next major version (pg-connection-string v3.0.0 and pg v9.0.0), these modes will adopt standard libpq semantics, which have weaker security guarantees.

To prepare for this change:
- If you want the current behavior, explicitly use 'sslmode=verify-full'
- If you want libpq compatibility now, use 'uselibpqcompat=true&sslmode=require'

See https://www.postgresql.org/docs/current/libpq-ssl.html for libpq SSL mode definitions.
(Use `node --trace-warnings ...` to show where the warning was created)
Found 1 candidate wheels

[1/1] Petrol PE002 P1E
  Downloading image for Petrol PE002 P1E...
  ✅ Generated: pe002_p1e_1775998802524
  📝 Caption preview: Weekend project? ✅

Petrol PE002 P1E
📐 19x8
🔩 5X112
↔️ 40mm offset
✨ P1E 19X8 ...


✨ Generated 1 posts
📁 Output: C:\Users\Scott-Pc\backup clawd\warehouse-tire-site\scripts\social-content\output

Files:
  - pe002_p1e_1775998802524.png
  - pe002_p1e_1775998802524.json

📱 Facebook/Instagram Poster

Selected: mr160_battle_vi_1775985987223

--- Content Preview ---
Wheel: Motegi MR160 BATTLE VI
Price: $340
Image: mr160_battle_vi_1775985987223.png

Caption:
Weekend project? ✅

Motegi MR160 BATTLE VI
📐 18x9.5
🔩 4X4.5
↔️ 35mm offset
✨ BATTLE VI 18X9.5 4X4.5 72 +35 G-GZA-MCH

Only $340/wheel

🛒 Get yours: https://shop.warehousetiredirect.com/wheels/MR160AD18950235

#wheels #rims #customwheels #wheelgoals #wheelwednesday #carsofinstagram #carlife #dailydriver #motegi #warehousetiredirect
--- End Preview ---

  Uploading to Facebook...
  ✅ Facebook post ID: 1574988697962590

✨ Done!

🎨 Social Content Generator

Generating 1 wheel posts...

Fetching wheels from inventory...
(node:13264) Warning: SECURITY WARNING: The SSL modes 'prefer', 'require', and 'verify-ca' are treated as aliases for 'verify-full'.
In the next major version (pg-connection-string v3.0.0 and pg v9.0.0), these modes will adopt standard libpq semantics, which have weaker security guarantees.

To prepare for this change:
- If you want the current behavior, explicitly use 'sslmode=verify-full'
- If you want libpq compatibility now, use 'uselibpqcompat=true&sslmode=require'

See https://www.postgresql.org/docs/current/libpq-ssl.html for libpq SSL mode definitions.
(Use `node --trace-warnings ...` to show where the warning was created)
Found 1 candidate wheels

[1/1] Fuel 1PC D840 RUNNER OR
  Downloading image for Fuel 1PC D840 RUNNER OR...
  ✅ Generated: d840_runner_or_1775998813539
  📝 Caption preview: Your 2024 Toyota 4Runner deserves these Fuel 1PC D840 RUNNER OR wheels 💯

📐 18...


✨ Generated 1 posts
📁 Output: C:\Users\Scott-Pc\backup clawd\warehouse-tire-site\scripts\social-content\output

Files:
  - d840_runner_or_1775998813539.png
  - d840_runner_or_1775998813539.json

📱 Facebook/Instagram Poster

Selected: d840_runner_or_1775998813539

--- Content Preview ---
Wheel: Fuel 1PC D840 RUNNER OR
Price: $422
Image: d840_runner_or_1775998813539.png

Caption:
Your 2024 Toyota 4Runner deserves these Fuel 1PC D840 RUNNER OR wheels 💯

📐 18x9
🔩 6X5.5
↔️ -12mm offset
✨ RUNNER OR 18X9 6X5.5 106 -12 NBL

Starting at $422

🛒 https://shop.warehousetiredirect.com/wheels/D84018908445

#wheels #rims #customwheels #wheelgoals #wheelwednesday #suv #suvlife #offroad #fuel1pc #warehousetiredirect
--- End Preview ---

  Uploading to Facebook...
  ✅ Facebook post ID: 1721079189238078

✨ Done!
[Sun 04/12/2026  9:00:23.20] Auto-post complete 
